<?xml version="1.0" encoding="utf-8"?>
<TestRun id="69a40322-d9a9-4f9b-b631-104842a12368" name="admin@QA-JENKINS 2025-04-25 11:24:20" runUser="QA-JENKINS\admin" xmlns="http://microsoft.com/schemas/VisualStudio/TeamTest/2010">
  <Times creation="2025-04-25T11:24:20.4352380+05:00" queuing="2025-04-25T11:24:20.4352392+05:00" start="2025-04-25T11:22:55.2384843+05:00" finish="2025-04-25T11:24:20.4774806+05:00" />
  <TestSettings name="default" id="112ed7bc-a221-4241-b1f9-f4405cd09c43">
    <Deployment runDeploymentRoot="admin_QA-JENKINS_2025-04-25_11_24_20" />
  </TestSettings>
  <Results>
    <UnitTestResult executionId="848cda2e-4752-4bc2-ab51-0c9020fa80b4" testId="6164896b-a0d4-9294-d4d9-0d6496c70804" testName="FullRolePermissionWorkflow" computerName="QA-JENKINS" duration="00:01:19.7329210" startTime="2025-04-25T11:22:59.8795169+05:00" endTime="2025-04-25T11:24:19.6122863+05:00" testType="13cdc9d9-ddb5-4fa4-a97d-d965ccfc6d4b" outcome="Failed" testListId="8c84fa94-04c1-424b-9868-57a2d4851a1d" relativeResultsDirectory="848cda2e-4752-4bc2-ab51-0c9020fa80b4">
      <Output>
        <StdOut>Given I login as the admin with email "testerequis.ition@gmail.com" and password "Aa1234567"&#xD;
-&gt; done: RolePermissionSteps.GivenILoginAsTheAdmin("testerequis.ition...", "Aa1234567") (1.5s)&#xD;
And I select the product "Intuit QuickBooks® Desktop" and log in to the company&#xD;
-&gt; done: RolePermissionSteps.GivenISelectProductAndLogin("Intuit QuickBooks...") (2.1s)&#xD;
And I navigate to the Role Management page&#xD;
-&gt; done: RolePermissionSteps.GivenINavigateToRolePage() (3.2s)&#xD;
When I create a new role named "PermissionRole23" with all permissions&#xD;
-&gt; done: RolePermissionSteps.WhenICreateNewRoleWithAllPermissions("PermissionRole23") (6.2s)&#xD;
And I assign this role to a user with email "permissiontestuser23@gmail.com"&#xD;
-&gt; done: RolePermissionSteps.WhenIAssignRoleToUser("permissiontestuse...") (8.4s)&#xD;
And I remove all view permissions from "PermissionRole23"&#xD;
-&gt; done: RolePermissionSteps.WhenIRemoveViewPermissions("PermissionRole23") (11.1s)&#xD;
And I login as the user "permissiontestuser23@gmail.com" and verify no view permissions are accessible&#xD;
-&gt; error: Timeout 30000ms exceeded.&#xD;
Call log:&#xD;
  -   - waiting for GetByRole(AriaRole.Textbox, new() { Name = "Email Address" }) (30.0s)&#xD;
And I login back as the admin and update the role to remove create permissions&#xD;
-&gt; skipped because of previous errors&#xD;
And I login as the user again and verify create options are not available&#xD;
-&gt; skipped because of previous errors&#xD;
And I login back as the admin and update the role to remove delete permissions&#xD;
-&gt; skipped because of previous errors&#xD;
And I login as the user and verify delete actions are not accessible&#xD;
-&gt; skipped because of previous errors&#xD;
And I login as admin and remove edit permissions&#xD;
-&gt; skipped because of previous errors&#xD;
Then the user should not be able to edit their profile or other users&#xD;
-&gt; skipped because of previous errors</StdOut>
        <ErrorInfo>
          <Message>System.TimeoutException : Timeout 30000ms exceeded.&#xD;
Call log:&#xD;
  -   - waiting for GetByRole(AriaRole.Textbox, new() { Name = "Email Address" })</Message>
          <StackTrace>   at Microsoft.Playwright.Transport.Connection.InnerSendMessageToServerAsync[T](ChannelOwner object, String method, Dictionary`2 dictionary, Boolean keepNulls) in /_/src/Playwright/Transport/Connection.cs:line 206&#xD;
   at Microsoft.Playwright.Transport.Connection.WrapApiCallAsync[T](Func`1 action, Boolean isInternal) in /_/src/Playwright/Transport/Connection.cs:line 535&#xD;
   at PlaywrightTests.Pages.LoginPage.Login(String email, String password) in C:\New folder\System-AdminRolesPermission\Pages\LoginPage.cs:line 20&#xD;
   at RolePermissionSteps.WhenILoginAsUserAndVerifyNoViews(String userEmail) in C:\New folder\System-AdminRolesPermission\RolePermissionSteps.cs:line 92&#xD;
   at TechTalk.SpecFlow.Bindings.SynchronousBindingDelegateInvoker.&lt;&gt;c__DisplayClass2_0.&lt;&lt;InvokeBindingDelegateAsync&gt;b__0&gt;d.MoveNext()&#xD;
--- End of stack trace from previous location ---&#xD;
   at TechTalk.SpecFlow.Bindings.AsyncHelpers.&lt;&gt;c__DisplayClass1_0`1.&lt;&lt;RunSync&gt;b__0&gt;d.MoveNext()&#xD;
--- End of stack trace from previous location ---&#xD;
   at TechTalk.SpecFlow.Bindings.AsyncHelpers.ExclusiveSynchronizationContext.BeginMessageLoop()&#xD;
   at TechTalk.SpecFlow.Bindings.AsyncHelpers.RunSync[T](Func`1 task)&#xD;
   at TechTalk.SpecFlow.Bindings.SynchronousBindingDelegateInvoker.InvokeBindingDelegateAsync(Delegate bindingDelegate, Object[] invokeArgs)&#xD;
   at TechTalk.SpecFlow.Bindings.SynchronousBindingDelegateInvoker.InvokeDelegateSynchronously(Delegate bindingDelegate, Object[] invokeArgs)&#xD;
   at TechTalk.SpecFlow.Bindings.BindingInvoker.InvokeBinding(IBinding binding, IContextManager contextManager, Object[] arguments, ITestTracer testTracer, TimeSpan&amp; duration)&#xD;
   at TechTalk.SpecFlow.Infrastructure.TestExecutionEngine.ExecuteStepMatch(BindingMatch match, Object[] arguments, TimeSpan&amp; duration)&#xD;
   at TechTalk.SpecFlow.Infrastructure.TestExecutionEngine.ExecuteStep(IContextManager contextManager, StepInstance stepInstance)&#xD;
   at TechTalk.SpecFlow.Infrastructure.TestExecutionEngine.OnAfterLastStep()&#xD;
   at TechTalk.SpecFlow.TestRunner.CollectScenarioErrors()&#xD;
   at SystemAdminPermissions.RolePermissionManagementFeature.ScenarioCleanup()&#xD;
   at SystemAdminPermissions.RolePermissionManagementFeature.FullRolePermissionWorkflow() in C:\New folder\System-AdminRolesPermission\RolePermission.feature:line 17&#xD;
   at System.RuntimeMethodHandle.InvokeMethod(Object target, Void** arguments, Signature sig, Boolean isConstructor)&#xD;
   at System.Reflection.MethodBaseInvoker.InvokeWithNoArgs(Object obj, BindingFlags invokeAttr)
</StackTrace>
        </ErrorInfo>
      </Output>
    </UnitTestResult>
  </Results>
  <TestDefinitions>
    <UnitTest name="FullRolePermissionWorkflow" storage="c:\new folder\system-adminrolespermission\bin\debug\net8.0\systemadminpermissions.dll" id="6164896b-a0d4-9294-d4d9-0d6496c70804">
      <Execution id="848cda2e-4752-4bc2-ab51-0c9020fa80b4" />
      <TestMethod codeBase="C:\New folder\System-AdminRolesPermission\bin\Debug\net8.0\SystemAdminPermissions.dll" adapterTypeName="executor://nunit3testexecutor/" className="SystemAdminPermissions.RolePermissionManagementFeature" name="FullRolePermissionWorkflow" />
    </UnitTest>
  </TestDefinitions>
  <TestEntries>
    <TestEntry testId="6164896b-a0d4-9294-d4d9-0d6496c70804" executionId="848cda2e-4752-4bc2-ab51-0c9020fa80b4" testListId="8c84fa94-04c1-424b-9868-57a2d4851a1d" />
  </TestEntries>
  <TestLists>
    <TestList name="Results Not in a List" id="8c84fa94-04c1-424b-9868-57a2d4851a1d" />
    <TestList name="All Loaded Results" id="19431567-8539-422a-85d7-44ee4e166bda" />
  </TestLists>
  <ResultSummary outcome="Failed">
    <Counters total="1" executed="1" passed="0" failed="1" error="0" timeout="0" aborted="0" inconclusive="0" passedButRunAborted="0" notRunnable="0" notExecuted="0" disconnected="0" warning="0" completed="0" inProgress="0" pending="0" />
    <Output>
      <StdOut>NUnit Adapter 5.0.0.0: Test execution started&#xD;
Running all tests in C:\New folder\System-AdminRolesPermission\bin\Debug\net8.0\SystemAdminPermissions.dll&#xD;
   NUnit3TestExecutor discovered 1 of 1 NUnit test cases using Current Discovery mode, Non-Explicit run&#xD;
Given I login as the admin with email "testerequis.ition@gmail.com" and password "Aa1234567"&#xD;
-&gt; done: RolePermissionSteps.GivenILoginAsTheAdmin("testerequis.ition...", "Aa1234567") (1.5s)&#xD;
And I select the product "Intuit QuickBooks® Desktop" and log in to the company&#xD;
-&gt; done: RolePermissionSteps.GivenISelectProductAndLogin("Intuit QuickBooks...") (2.1s)&#xD;
And I navigate to the Role Management page&#xD;
-&gt; done: RolePermissionSteps.GivenINavigateToRolePage() (3.2s)&#xD;
When I create a new role named "PermissionRole23" with all permissions&#xD;
-&gt; done: RolePermissionSteps.WhenICreateNewRoleWithAllPermissions("PermissionRole23") (6.2s)&#xD;
And I assign this role to a user with email "permissiontestuser23@gmail.com"&#xD;
-&gt; done: RolePermissionSteps.WhenIAssignRoleToUser("permissiontestuse...") (8.4s)&#xD;
And I remove all view permissions from "PermissionRole23"&#xD;
-&gt; done: RolePermissionSteps.WhenIRemoveViewPermissions("PermissionRole23") (11.1s)&#xD;
And I login as the user "permissiontestuser23@gmail.com" and verify no view permissions are accessible&#xD;
-&gt; error: Timeout 30000ms exceeded.&#xD;
Call log:&#xD;
  -   - waiting for GetByRole(AriaRole.Textbox, new() { Name = "Email Address" }) (30.0s)&#xD;
And I login back as the admin and update the role to remove create permissions&#xD;
-&gt; skipped because of previous errors&#xD;
And I login as the user again and verify create options are not available&#xD;
-&gt; skipped because of previous errors&#xD;
And I login back as the admin and update the role to remove delete permissions&#xD;
-&gt; skipped because of previous errors&#xD;
And I login as the user and verify delete actions are not accessible&#xD;
-&gt; skipped because of previous errors&#xD;
And I login as admin and remove edit permissions&#xD;
-&gt; skipped because of previous errors&#xD;
Then the user should not be able to edit their profile or other users&#xD;
-&gt; skipped because of previous errors&#xD;
&#xD;
NUnit Adapter 5.0.0.0: Test execution complete&#xD;
</StdOut>
    </Output>
  </ResultSummary>
</TestRun>